{"level":"info","message":"API Gateway is running on port: 5000","service":"API-gateway-service","timestamp":"2025-05-02T12:55:03.063Z"}
{"level":"info","message":"Identity Service URL: http://localhost:5001/","service":"API-gateway-service","timestamp":"2025-05-02T12:55:03.087Z"}
{"level":"info","message":"Redis URL: redis://localhost:6380","service":"API-gateway-service","timestamp":"2025-05-02T12:55:03.089Z"}
{"level":"info","message":"API Gateway is running on port: 5000","service":"API-gateway-service","timestamp":"2025-05-02T12:55:06.874Z"}
{"level":"info","message":"Identity Service URL: http://localhost:5001/","service":"API-gateway-service","timestamp":"2025-05-02T12:55:06.886Z"}
{"level":"info","message":"Redis URL: redis://localhost:6380","service":"API-gateway-service","timestamp":"2025-05-02T12:55:06.888Z"}
{"level":"info","message":"Received POST request to /v1/auth/register","service":"API-gateway-service","timestamp":"2025-05-02T12:57:12.991Z"}
{"level":"info","message":"Request body: {\"username\":\"Getange\",\"email\":\"emmanuelgetange48@gmail.com\",\"password\":\"pass123456\"}","service":"API-gateway-service","timestamp":"2025-05-02T12:57:12.994Z"}
{"level":"error","message":"Proxy error: connect ECONNREFUSED 127.0.0.1:5001","service":"API-gateway-service","timestamp":"2025-05-02T12:57:13.044Z"}
{"level":"info","message":"Received POST request to /v1/auth/register","service":"API-gateway-service","timestamp":"2025-05-02T12:58:31.736Z"}
{"level":"info","message":"Request body: {\"username\":\"Getange\",\"email\":\"emmanuelgetange48@gmail.com\",\"password\":\"pass123456\"}","service":"API-gateway-service","timestamp":"2025-05-02T12:58:31.741Z"}
{"level":"info","message":"Response received from identity service: 400","service":"API-gateway-service","timestamp":"2025-05-02T12:58:32.010Z"}
{"level":"info","message":"Received POST request to /v1/auth/register","service":"API-gateway-service","timestamp":"2025-05-02T12:59:12.017Z"}
{"level":"info","message":"Request body: {\"username\":\"Getange\",\"email\":\"emmanuelgetange48@gmail.com\",\"password\":\"pass123456\"}","service":"API-gateway-service","timestamp":"2025-05-02T12:59:12.024Z"}
{"level":"info","message":"Response received from identity service: 400","service":"API-gateway-service","timestamp":"2025-05-02T12:59:12.100Z"}
{"level":"info","message":"Received POST request to /v1/auth/register","service":"API-gateway-service","timestamp":"2025-05-02T13:00:14.365Z"}
{"level":"info","message":"Request body: {\"username\":\"Getange\",\"email\":\"emmanuelgetange48@gmail.com\",\"password\":\"pass123456\"}","service":"API-gateway-service","timestamp":"2025-05-02T13:00:14.370Z"}
{"level":"info","message":"Response received from identity service: 400","service":"API-gateway-service","timestamp":"2025-05-02T13:00:14.479Z"}
{"level":"info","message":"Received POST request to /v1/auth/register","service":"API-gateway-service","timestamp":"2025-05-02T13:01:03.093Z"}
{"level":"info","message":"Request body: {\"username\":\"Getange\",\"email\":\"emmanuelgetange48@gmail.com\",\"password\":\"pass123456\"}","service":"API-gateway-service","timestamp":"2025-05-02T13:01:03.096Z"}
{"level":"info","message":"Response received from identity service: 400","service":"API-gateway-service","timestamp":"2025-05-02T13:01:03.318Z"}
{"level":"info","message":"Received POST request to /v1/auth/register","service":"API-gateway-service","timestamp":"2025-05-02T13:04:44.864Z"}
{"level":"info","message":"Request body: {\"username\":\"Elizabeth\",\"email\":\"elizabethmothoni18@gmail.com\",\"password\":\"pass123456\"}","service":"API-gateway-service","timestamp":"2025-05-02T13:04:44.867Z"}
{"level":"info","message":"Response received from identity service: 201","service":"API-gateway-service","timestamp":"2025-05-02T13:04:45.758Z"}
{"level":"info","message":"Received POST request to /v1/auth/register","service":"API-gateway-service","timestamp":"2025-05-02T14:23:49.608Z"}
{"level":"info","message":"Request body: {\"username\":\"Elizabeth\",\"email\":\"elizabethmothoni18@gmail.com\",\"password\":\"pass123456\"}","service":"API-gateway-service","timestamp":"2025-05-02T14:23:49.613Z"}
{"level":"info","message":"Response received from identity service: 400","service":"API-gateway-service","timestamp":"2025-05-02T14:23:49.694Z"}
{"level":"info","message":"API Gateway is running on port: 5000","service":"API-gateway-service","timestamp":"2025-05-02T14:41:41.439Z"}
{"level":"info","message":"Identity Service URL: http://localhost:5001/","service":"API-gateway-service","timestamp":"2025-05-02T14:41:41.455Z"}
{"level":"info","message":"Redis URL: redis://localhost:6380","service":"API-gateway-service","timestamp":"2025-05-02T14:41:41.456Z"}
{"level":"info","message":"Received POST request to /v1/auth/login","service":"API-gateway-service","timestamp":"2025-05-02T15:28:41.761Z"}
{"level":"info","message":"Request body: {\"email\":\"emmanuelgetange48@gmail.com\",\"password\":\"pass123456\",\"confirmPassword\":\"pass123456\"}","service":"API-gateway-service","timestamp":"2025-05-02T15:28:41.763Z"}
{"level":"info","message":"Response received from identity service: 500","service":"API-gateway-service","timestamp":"2025-05-02T15:28:41.904Z"}
{"level":"info","message":"Received POST request to /v1/auth/login","service":"API-gateway-service","timestamp":"2025-05-02T15:30:55.472Z"}
{"level":"info","message":"Request body: {\"email\":\"emmanuelgetange48@gmail.com\",\"password\":\"pass123456\",\"confirmPassword\":\"pass123456\"}","service":"API-gateway-service","timestamp":"2025-05-02T15:30:55.473Z"}
{"level":"info","message":"Response received from identity service: 500","service":"API-gateway-service","timestamp":"2025-05-02T15:30:55.586Z"}
{"level":"info","message":"Received POST request to /v1/auth/login","service":"API-gateway-service","timestamp":"2025-05-02T15:31:54.658Z"}
{"level":"info","message":"Request body: {\"email\":\"emmanuelgetange48@gmail.com\",\"password\":\"pass123456\",\"confirmPassword\":\"pass123456\"}","service":"API-gateway-service","timestamp":"2025-05-02T15:31:54.662Z"}
{"level":"info","message":"Response received from identity service: 500","service":"API-gateway-service","timestamp":"2025-05-02T15:31:54.890Z"}
{"level":"info","message":"Received POST request to /v1/auth/login","service":"API-gateway-service","timestamp":"2025-05-02T15:34:04.848Z"}
{"level":"info","message":"Request body: {\"email\":\"emmanuelgetange48@gmail.com\",\"password\":\"pass123456\",\"confirmPassword\":\"pass123456\"}","service":"API-gateway-service","timestamp":"2025-05-02T15:34:04.849Z"}
{"level":"info","message":"Response received from identity service: 500","service":"API-gateway-service","timestamp":"2025-05-02T15:34:05.032Z"}
{"level":"info","message":"Received POST request to /v1/auth/login","service":"API-gateway-service","timestamp":"2025-05-02T15:34:59.144Z"}
{"level":"info","message":"Request body: {\"email\":\"emmanuelgetange48@gmail.com\",\"password\":\"pass123456\",\"confirmPassword\":\"pass123456\"}","service":"API-gateway-service","timestamp":"2025-05-02T15:34:59.145Z"}
{"level":"info","message":"Response received from identity service: 400","service":"API-gateway-service","timestamp":"2025-05-02T15:34:59.344Z"}
{"level":"info","message":"Received POST request to /v1/auth/login","service":"API-gateway-service","timestamp":"2025-05-02T15:35:54.712Z"}
{"level":"info","message":"Request body: {\"email\":\"emmanuelgetange48@gmail.com\",\"password\":\"pass123456\",\"confirmPassword\":\"pass123456\"}","service":"API-gateway-service","timestamp":"2025-05-02T15:35:54.714Z"}
{"level":"info","message":"Response received from identity service: 500","service":"API-gateway-service","timestamp":"2025-05-02T15:35:54.903Z"}
{"level":"info","message":"Received POST request to /v1/auth/login","service":"API-gateway-service","timestamp":"2025-05-02T15:43:51.429Z"}
{"level":"info","message":"Request body: {\"email\":\"emmanuelgetange48@gmail.com\",\"password\":\"pass123456\",\"confirmPassword\":\"pass123456\"}","service":"API-gateway-service","timestamp":"2025-05-02T15:43:51.430Z"}
{"level":"info","message":"Response received from identity service: 500","service":"API-gateway-service","timestamp":"2025-05-02T15:43:51.569Z"}
{"level":"info","message":"Received POST request to /v1/auth/login","service":"API-gateway-service","timestamp":"2025-05-02T15:44:18.438Z"}
{"level":"info","message":"Request body: {\"email\":\"emmanuelgetange48@gmail.com\",\"password\":\"pass123456\",\"confirmPassword\":\"pass123456\"}","service":"API-gateway-service","timestamp":"2025-05-02T15:44:18.439Z"}
{"level":"info","message":"Response received from identity service: 500","service":"API-gateway-service","timestamp":"2025-05-02T15:44:18.618Z"}
{"level":"info","message":"Received POST request to /v1/auth/login","service":"API-gateway-service","timestamp":"2025-05-02T15:44:35.374Z"}
{"level":"info","message":"Request body: {\"email\":\"emmanuelgetange48@gmail.com\",\"password\":\"pass123456\",\"confirmPassword\":\"pass123456\"}","service":"API-gateway-service","timestamp":"2025-05-02T15:44:35.375Z"}
{"level":"info","message":"Response received from identity service: 500","service":"API-gateway-service","timestamp":"2025-05-02T15:44:35.561Z"}
{"level":"info","message":"Received GET request to /favicon.ico","service":"API-gateway-service","timestamp":"2025-05-02T15:47:57.407Z"}
{"level":"info","message":"Request body: undefined","service":"API-gateway-service","timestamp":"2025-05-02T15:47:57.407Z"}
{"level":"info","message":"Received POST request to /v1/auth/login","service":"API-gateway-service","timestamp":"2025-05-02T15:56:24.760Z"}
{"level":"info","message":"Request body: {\"email\":\"emmanuelgetange48@gmail.com\",\"password\":\"pass123456\",\"confirmPassword\":\"pass123456\"}","service":"API-gateway-service","timestamp":"2025-05-02T15:56:24.763Z"}
{"level":"info","message":"Response received from identity service: 500","service":"API-gateway-service","timestamp":"2025-05-02T15:56:24.985Z"}
{"level":"info","message":"Received POST request to /v1/auth/login","service":"API-gateway-service","timestamp":"2025-05-02T16:03:29.511Z"}
{"level":"info","message":"Request body: {\"email\":\"emmanuelgetange48@gmail.com\",\"password\":\"pass123456\",\"confirmPassword\":\"pass123456\"}","service":"API-gateway-service","timestamp":"2025-05-02T16:03:29.515Z"}
{"level":"info","message":"Response received from identity service: 200","service":"API-gateway-service","timestamp":"2025-05-02T16:03:30.310Z"}
{"level":"info","message":"Received POST request to /v1/auth/login","service":"API-gateway-service","timestamp":"2025-05-02T16:03:46.273Z"}
{"level":"info","message":"Request body: {\"email\":\"emmanuelgetange48@gmail.com\",\"password\":\"pass123456\",\"confirmPassword\":\"pass123456\"}","service":"API-gateway-service","timestamp":"2025-05-02T16:03:46.278Z"}
{"level":"info","message":"Response received from identity service: 200","service":"API-gateway-service","timestamp":"2025-05-02T16:03:46.713Z"}
{"level":"info","message":"API Gateway is running on port: 5000","service":"API-gateway-service","timestamp":"2025-05-02T17:19:08.193Z"}
{"level":"info","message":"Identity Service URL: http://localhost:5001/","service":"API-gateway-service","timestamp":"2025-05-02T17:19:08.227Z"}
{"level":"info","message":"Redis URL: redis://localhost:6380","service":"API-gateway-service","timestamp":"2025-05-02T17:19:08.230Z"}
{"level":"info","message":"API Gateway is running on port: 5000","service":"API-gateway-service","timestamp":"2025-05-02T17:56:38.388Z"}
{"level":"info","message":"Identity Service URL: http://localhost:5001/","service":"API-gateway-service","timestamp":"2025-05-02T17:56:38.409Z"}
{"level":"info","message":"Redis URL: redis://localhost:6380","service":"API-gateway-service","timestamp":"2025-05-02T17:56:38.411Z"}
{"level":"info","message":"API Gateway is running on port: 5000","service":"API-gateway-service","timestamp":"2025-05-02T17:56:49.157Z"}
{"level":"info","message":"Identity Service URL: http://localhost:5001/","service":"API-gateway-service","timestamp":"2025-05-02T17:56:49.170Z"}
{"level":"info","message":"Redis URL: redis://localhost:6380","service":"API-gateway-service","timestamp":"2025-05-02T17:56:49.172Z"}
{"level":"info","message":"API Gateway is running on port: 5000","service":"API-gateway-service","timestamp":"2025-05-02T21:23:18.787Z"}
{"level":"info","message":"Identity Service URL: http://localhost:5001/","service":"API-gateway-service","timestamp":"2025-05-02T21:23:18.807Z"}
{"level":"info","message":"Redis URL: redis://localhost:6380","service":"API-gateway-service","timestamp":"2025-05-02T21:23:18.809Z"}
{"level":"info","message":"API Gateway is running on port: 5000","service":"API-gateway-service","timestamp":"2025-05-02T21:23:26.382Z"}
{"level":"info","message":"Identity Service URL: http://localhost:5001/","service":"API-gateway-service","timestamp":"2025-05-02T21:23:26.394Z"}
{"level":"info","message":"Redis URL: redis://localhost:6380","service":"API-gateway-service","timestamp":"2025-05-02T21:23:26.395Z"}
{"level":"info","message":"API Gateway is running on port: 5000","service":"API-gateway-service","timestamp":"2025-05-02T21:28:12.100Z"}
{"level":"info","message":"Identity Service URL: http://localhost:5001/","service":"API-gateway-service","timestamp":"2025-05-02T21:28:12.118Z"}
{"level":"info","message":"Redis URL: redis://localhost:6380","service":"API-gateway-service","timestamp":"2025-05-02T21:28:12.120Z"}
