{"level":"info","message":"Post service running on port: 5002","service":"identity-service","timestamp":"2025-05-05T10:50:13.240Z"}
{"level":"info","message":"Connected to mongodb","service":"identity-service","timestamp":"2025-05-05T10:50:13.393Z"}
{"level":"info","message":"Post service running on port: 5002","service":"identity-service","timestamp":"2025-05-05T12:01:58.894Z"}
{"level":"info","message":"Connected to mongodb","service":"identity-service","timestamp":"2025-05-05T12:01:59.108Z"}
{"level":"info","message":"Post service running on port: 5002","service":"identity-service","timestamp":"2025-05-05T12:02:11.089Z"}
{"level":"info","message":"Connected to mongodb","service":"identity-service","timestamp":"2025-05-05T12:02:11.168Z"}
{"level":"info","message":"Post service running on port: 5002","service":"identity-service","timestamp":"2025-05-05T12:03:07.171Z"}
{"level":"info","message":"Connected to mongodb","service":"identity-service","timestamp":"2025-05-05T12:03:07.304Z"}
{"level":"info","message":"Post service running on port: 5002","service":"identity-service","timestamp":"2025-05-05T12:03:15.641Z"}
{"level":"info","message":"Connected to mongodb","service":"identity-service","timestamp":"2025-05-05T12:03:15.795Z"}
{"level":"info","message":"Post service running on port: 5002","service":"identity-service","timestamp":"2025-05-05T12:03:29.618Z"}
{"level":"info","message":"Connected to mongodb","service":"identity-service","timestamp":"2025-05-05T12:03:29.730Z"}
{"level":"info","message":"Post service running on port: 5002","service":"identity-service","timestamp":"2025-05-05T12:03:33.830Z"}
{"level":"info","message":"Connected to mongodb","service":"identity-service","timestamp":"2025-05-05T12:03:34.004Z"}
{"level":"info","message":"Post service running on port: 5002","service":"identity-service","timestamp":"2025-05-05T12:03:42.322Z"}
{"level":"info","message":"Connected to mongodb","service":"identity-service","timestamp":"2025-05-05T12:03:42.465Z"}
{"level":"info","message":"Post service running on port: 5002","service":"identity-service","timestamp":"2025-05-05T12:03:46.604Z"}
{"level":"info","message":"Connected to mongodb","service":"identity-service","timestamp":"2025-05-05T12:03:46.777Z"}
{"level":"info","message":"Post service running on port: 5002","service":"identity-service","timestamp":"2025-05-05T12:03:49.943Z"}
{"level":"info","message":"Connected to mongodb","service":"identity-service","timestamp":"2025-05-05T12:03:50.054Z"}
{"level":"info","message":"Post service running on port: 5002","service":"identity-service","timestamp":"2025-05-05T12:05:04.595Z"}
{"level":"info","message":"Connected to mongodb","service":"identity-service","timestamp":"2025-05-05T12:05:04.697Z"}
{"level":"info","message":"Post service running on port: 5002","service":"identity-service","timestamp":"2025-05-05T12:05:55.166Z"}
{"level":"info","message":"Connected to mongodb","service":"identity-service","timestamp":"2025-05-05T12:05:55.287Z"}
{"level":"info","message":"Post service running on port: 5002","service":"identity-service","timestamp":"2025-05-05T12:05:59.870Z"}
{"level":"info","message":"Connected to mongodb","service":"identity-service","timestamp":"2025-05-05T12:06:00.034Z"}
{"level":"info","message":"Post service running on port: 5002","service":"identity-service","timestamp":"2025-05-05T12:06:03.429Z"}
{"level":"info","message":"Connected to mongodb","service":"identity-service","timestamp":"2025-05-05T12:06:03.529Z"}
{"level":"info","message":"Post service running on port: 5002","service":"identity-service","timestamp":"2025-05-05T12:06:05.985Z"}
{"level":"info","message":"Connected to mongodb","service":"identity-service","timestamp":"2025-05-05T12:06:06.067Z"}
{"level":"info","message":"Post service running on port: 5002","service":"identity-service","timestamp":"2025-05-05T12:06:11.496Z"}
{"level":"info","message":"Connected to mongodb","service":"identity-service","timestamp":"2025-05-05T12:06:11.659Z"}
{"level":"info","message":"Post service running on port: 5002","service":"identity-service","timestamp":"2025-05-05T12:06:14.804Z"}
{"level":"info","message":"Connected to mongodb","service":"identity-service","timestamp":"2025-05-05T12:06:14.966Z"}
{"level":"info","message":"Post service running on port: 5002","service":"identity-service","timestamp":"2025-05-05T12:06:18.589Z"}
{"level":"info","message":"Connected to mongodb","service":"identity-service","timestamp":"2025-05-05T12:06:18.769Z"}
{"level":"info","message":"Post service running on port: 5002","service":"identity-service","timestamp":"2025-05-05T12:06:27.140Z"}
{"level":"info","message":"Connected to mongodb","service":"identity-service","timestamp":"2025-05-05T12:06:27.303Z"}
{"level":"info","message":"Post service running on port: 5002","service":"identity-service","timestamp":"2025-05-05T12:06:44.530Z"}
{"level":"info","message":"Connected to mongodb","service":"identity-service","timestamp":"2025-05-05T12:06:44.641Z"}
{"level":"info","message":"Post service running on port: 5002","service":"identity-service","timestamp":"2025-05-05T12:06:55.757Z"}
{"level":"info","message":"Connected to mongodb","service":"identity-service","timestamp":"2025-05-05T12:06:55.858Z"}
{"level":"info","message":"Post service running on port: 5002","service":"identity-service","timestamp":"2025-05-05T12:07:03.522Z"}
{"level":"info","message":"Connected to mongodb","service":"identity-service","timestamp":"2025-05-05T12:07:03.648Z"}
{"level":"info","message":"Post service running on port: 5002","service":"identity-service","timestamp":"2025-05-05T12:07:09.391Z"}
{"level":"info","message":"Connected to mongodb","service":"identity-service","timestamp":"2025-05-05T12:07:09.522Z"}
{"level":"info","message":"Post service running on port: 5002","service":"identity-service","timestamp":"2025-05-05T12:07:13.381Z"}
{"level":"info","message":"Connected to mongodb","service":"identity-service","timestamp":"2025-05-05T12:07:13.564Z"}
{"level":"info","message":"Post service running on port: 5002","service":"identity-service","timestamp":"2025-05-05T12:07:16.361Z"}
{"level":"info","message":"Connected to mongodb","service":"identity-service","timestamp":"2025-05-05T12:07:16.490Z"}
{"level":"info","message":"Post service running on port: 5002","service":"identity-service","timestamp":"2025-05-05T12:07:29.826Z"}
{"level":"info","message":"Connected to mongodb","service":"identity-service","timestamp":"2025-05-05T12:07:29.994Z"}
{"level":"info","message":"Post service running on port: 5002","service":"identity-service","timestamp":"2025-05-05T12:07:43.101Z"}
{"level":"info","message":"Connected to mongodb","service":"identity-service","timestamp":"2025-05-05T12:07:43.205Z"}
{"level":"info","message":"Post service running on port: 5002","service":"identity-service","timestamp":"2025-05-05T12:07:50.997Z"}
{"level":"info","message":"Connected to mongodb","service":"identity-service","timestamp":"2025-05-05T12:07:51.163Z"}
{"level":"info","message":"Post service running on port: 5002","service":"identity-service","timestamp":"2025-05-05T12:07:57.481Z"}
{"level":"info","message":"Connected to mongodb","service":"identity-service","timestamp":"2025-05-05T12:07:57.628Z"}
{"level":"info","message":"Post service running on port: 5002","service":"identity-service","timestamp":"2025-05-05T12:08:01.328Z"}
{"level":"info","message":"Connected to mongodb","service":"identity-service","timestamp":"2025-05-05T12:08:01.444Z"}
{"level":"info","message":"Post service running on port: 5002","service":"identity-service","timestamp":"2025-05-05T12:08:06.354Z"}
{"level":"info","message":"Connected to mongodb","service":"identity-service","timestamp":"2025-05-05T12:08:06.522Z"}
{"level":"info","message":"Post service running on port: 5002","service":"identity-service","timestamp":"2025-05-05T12:08:17.194Z"}
{"level":"info","message":"Connected to mongodb","service":"identity-service","timestamp":"2025-05-05T12:08:17.303Z"}
{"level":"info","message":"Post service running on port: 5002","service":"identity-service","timestamp":"2025-05-05T12:09:05.224Z"}
{"level":"info","message":"Connected to mongodb","service":"identity-service","timestamp":"2025-05-05T12:09:05.375Z"}
{"level":"info","message":"Post service running on port: 5002","service":"identity-service","timestamp":"2025-05-05T12:09:21.399Z"}
{"level":"info","message":"Connected to mongodb","service":"identity-service","timestamp":"2025-05-05T12:09:21.587Z"}
{"level":"info","message":"Post service running on port: 5002","service":"identity-service","timestamp":"2025-05-05T12:09:27.505Z"}
{"level":"info","message":"Connected to mongodb","service":"identity-service","timestamp":"2025-05-05T12:09:27.679Z"}
{"level":"info","message":"Post service running on port: 5002","service":"identity-service","timestamp":"2025-05-05T12:09:30.379Z"}
{"level":"info","message":"Connected to mongodb","service":"identity-service","timestamp":"2025-05-05T12:09:30.480Z"}
{"level":"info","message":"Post service running on port: 5002","service":"identity-service","timestamp":"2025-05-05T12:09:36.042Z"}
{"level":"info","message":"Connected to mongodb","service":"identity-service","timestamp":"2025-05-05T12:09:36.161Z"}
{"level":"info","message":"Post service running on port: 5002","service":"identity-service","timestamp":"2025-05-05T12:09:39.564Z"}
{"level":"info","message":"Connected to mongodb","service":"identity-service","timestamp":"2025-05-05T12:09:39.650Z"}
{"level":"info","message":"Post service running on port: 5002","service":"identity-service","timestamp":"2025-05-05T12:09:49.900Z"}
{"level":"info","message":"Connected to mongodb","service":"identity-service","timestamp":"2025-05-05T12:09:50.041Z"}
{"level":"info","message":"Post service running on port: 5002","service":"identity-service","timestamp":"2025-05-05T12:09:52.951Z"}
{"level":"info","message":"Connected to mongodb","service":"identity-service","timestamp":"2025-05-05T12:09:53.057Z"}
{"level":"info","message":"Post service running on port: 5002","service":"identity-service","timestamp":"2025-05-05T12:09:58.237Z"}
{"level":"info","message":"Connected to mongodb","service":"identity-service","timestamp":"2025-05-05T12:09:58.341Z"}
{"level":"info","message":"Post service running on port: 5002","service":"identity-service","timestamp":"2025-05-05T12:10:06.766Z"}
{"level":"info","message":"Connected to mongodb","service":"identity-service","timestamp":"2025-05-05T12:10:06.902Z"}
{"level":"info","message":"Post service running on port: 5002","service":"identity-service","timestamp":"2025-05-05T12:10:14.050Z"}
{"level":"info","message":"Connected to mongodb","service":"identity-service","timestamp":"2025-05-05T12:10:14.198Z"}
{"level":"info","message":"Received POST request to /api/post/create-post","service":"identity-service","timestamp":"2025-05-05T12:11:27.961Z"}
{"level":"info","message":"Request body, {}","service":"identity-service","timestamp":"2025-05-05T12:11:27.962Z"}
{"0":"\"","1":"c","10":"i","11":"s","12":" ","13":"r","14":"e","15":"q","16":"u","17":"i","18":"r","19":"e","2":"o","20":"d","3":"n","4":"t","5":"e","6":"n","7":"t","8":"\"","9":" ","level":"warn","message":"Validation error","service":"identity-service","timestamp":"2025-05-05T12:11:28.011Z"}
{"level":"info","message":"Received POST request to /api/post/create-post","service":"identity-service","timestamp":"2025-05-05T12:11:45.610Z"}
{"level":"info","message":"Request body, {}","service":"identity-service","timestamp":"2025-05-05T12:11:45.612Z"}
{"0":"\"","1":"c","10":"i","11":"s","12":" ","13":"r","14":"e","15":"q","16":"u","17":"i","18":"r","19":"e","2":"o","20":"d","3":"n","4":"t","5":"e","6":"n","7":"t","8":"\"","9":" ","level":"warn","message":"Validation error","service":"identity-service","timestamp":"2025-05-05T12:11:45.622Z"}
{"level":"info","message":"Post service running on port: 5002","service":"identity-service","timestamp":"2025-05-05T12:13:08.196Z"}
{"level":"info","message":"Connected to mongodb","service":"identity-service","timestamp":"2025-05-05T12:13:08.375Z"}
{"level":"info","message":"Post service running on port: 5002","service":"identity-service","timestamp":"2025-05-05T12:13:19.841Z"}
{"level":"info","message":"Connected to mongodb","service":"identity-service","timestamp":"2025-05-05T12:13:20.007Z"}
{"level":"info","message":"Post service running on port: 5002","service":"identity-service","timestamp":"2025-05-05T12:13:24.713Z"}
{"level":"info","message":"Connected to mongodb","service":"identity-service","timestamp":"2025-05-05T12:13:24.878Z"}
{"level":"info","message":"Received POST request to /api/post/create-post","service":"identity-service","timestamp":"2025-05-05T12:14:32.079Z"}
{"level":"info","message":"Request body, {\"content\":\"Microservices is best for scaling purposes\"}","service":"identity-service","timestamp":"2025-05-05T12:14:32.081Z"}
{"level":"info","message":"Create post endpoint hit...","service":"identity-service","timestamp":"2025-05-05T12:14:32.108Z"}
{"$__":{"$versionError":null,"activePaths":{"paths":{"content":"require","user":"require"},"states":{"default":{},"modify":{},"require":{"content":true,"user":true}}},"backup":{"activePaths":{"default":{"_id":true,"createdAt":true},"modify":{"content":true,"mediaIds":true,"updatedAt":true,"user":true}},"validationError":null},"cachedRequired":{},"inserting":true,"op":null,"pathsToScopes":{"mediaIds":{"__v":0,"_id":"6818aba886a8818b82343b7e","content":"Microservices is best for scaling purposes","createdAt":"2025-05-05T12:14:32.158Z","mediaIds":[],"updatedAt":"2025-05-05T12:14:32.158Z","user":"681494eabe8b11ec9786d1eb"}},"saveOptions":null,"savedState":{},"saving":null,"validating":null},"$isNew":false,"_doc":{"__v":0,"_id":"6818aba886a8818b82343b7e","content":"Microservices is best for scaling purposes","createdAt":"2025-05-05T12:14:32.158Z","mediaIds":[],"updatedAt":"2025-05-05T12:14:32.158Z","user":"681494eabe8b11ec9786d1eb"},"level":"info","message":"Post created successfully","service":"identity-service","timestamp":"2025-05-05T12:14:32.216Z"}
{"level":"info","message":"Post service running on port: 5002","service":"identity-service","timestamp":"2025-05-05T12:14:54.515Z"}
{"level":"info","message":"Connected to mongodb","service":"identity-service","timestamp":"2025-05-05T12:14:54.653Z"}
{"level":"info","message":"Received POST request to /api/post/create-post","service":"identity-service","timestamp":"2025-05-05T12:14:59.300Z"}
{"level":"info","message":"Request body, {\"content\":\"Microservices is best for scaling purposes\"}","service":"identity-service","timestamp":"2025-05-05T12:14:59.302Z"}
{"level":"info","message":"Create post endpoint hit...","service":"identity-service","timestamp":"2025-05-05T12:14:59.326Z"}
{"$__":{"$versionError":null,"activePaths":{"paths":{"content":"require","user":"require"},"states":{"default":{},"modify":{},"require":{"content":true,"user":true}}},"backup":{"activePaths":{"default":{"_id":true,"createdAt":true},"modify":{"content":true,"mediaIds":true,"updatedAt":true,"user":true}},"validationError":null},"cachedRequired":{},"inserting":true,"op":null,"pathsToScopes":{"mediaIds":{"__v":0,"_id":"6818abc3a7a3aaf09b2e5449","content":"Microservices is best for scaling purposes","createdAt":"2025-05-05T12:14:59.372Z","mediaIds":[],"updatedAt":"2025-05-05T12:14:59.372Z","user":"681494eabe8b11ec9786d1eb"}},"saveOptions":null,"savedState":{},"saving":null,"validating":null},"$isNew":false,"_doc":{"__v":0,"_id":"6818abc3a7a3aaf09b2e5449","content":"Microservices is best for scaling purposes","createdAt":"2025-05-05T12:14:59.372Z","mediaIds":[],"updatedAt":"2025-05-05T12:14:59.372Z","user":"681494eabe8b11ec9786d1eb"},"level":"info","message":"Post created successfully","service":"identity-service","timestamp":"2025-05-05T12:14:59.423Z"}
{"level":"info","message":"Received POST request to /api/post/create-post","service":"identity-service","timestamp":"2025-05-05T13:23:40.467Z"}
{"level":"info","message":"Request body, {\"content\":\"Microservices is best for scaling purposes\"}","service":"identity-service","timestamp":"2025-05-05T13:23:40.471Z"}
{"level":"info","message":"Create post endpoint hit...","service":"identity-service","timestamp":"2025-05-05T13:23:40.484Z"}
{"$__":{"$versionError":null,"activePaths":{"paths":{"content":"require","user":"require"},"states":{"default":{},"modify":{},"require":{"content":true,"user":true}}},"backup":{"activePaths":{"default":{"_id":true,"createdAt":true},"modify":{"content":true,"mediaIds":true,"updatedAt":true,"user":true}},"validationError":null},"cachedRequired":{},"inserting":true,"op":null,"pathsToScopes":{"mediaIds":{"__v":0,"_id":"6818bbdca7a3aaf09b2e544b","content":"Microservices is best for scaling purposes","createdAt":"2025-05-05T13:23:40.492Z","mediaIds":[],"updatedAt":"2025-05-05T13:23:40.492Z","user":"681494eabe8b11ec9786d1eb"}},"saveOptions":null,"savedState":{},"saving":null,"validating":null},"$isNew":false,"_doc":{"__v":0,"_id":"6818bbdca7a3aaf09b2e544b","content":"Microservices is best for scaling purposes","createdAt":"2025-05-05T13:23:40.492Z","mediaIds":[],"updatedAt":"2025-05-05T13:23:40.492Z","user":"681494eabe8b11ec9786d1eb"},"level":"info","message":"Post created successfully","service":"identity-service","timestamp":"2025-05-05T13:23:40.513Z"}
{"level":"info","message":"Received POST request to /api/post/create-post","service":"identity-service","timestamp":"2025-05-05T13:27:36.783Z"}
{"level":"info","message":"Request body, {\"content\":\"I love how API-gateway works\"}","service":"identity-service","timestamp":"2025-05-05T13:27:36.784Z"}
{"level":"info","message":"Create post endpoint hit...","service":"identity-service","timestamp":"2025-05-05T13:27:36.797Z"}
{"$__":{"$versionError":null,"activePaths":{"paths":{"content":"require","user":"require"},"states":{"default":{},"modify":{},"require":{"content":true,"user":true}}},"backup":{"activePaths":{"default":{"_id":true,"createdAt":true},"modify":{"content":true,"mediaIds":true,"updatedAt":true,"user":true}},"validationError":null},"cachedRequired":{},"inserting":true,"op":null,"pathsToScopes":{"mediaIds":{"__v":0,"_id":"6818bcc8a7a3aaf09b2e544d","content":"I love how API-gateway works","createdAt":"2025-05-05T13:27:36.804Z","mediaIds":[],"updatedAt":"2025-05-05T13:27:36.804Z","user":"681494eabe8b11ec9786d1eb"}},"saveOptions":null,"savedState":{},"saving":null,"validating":null},"$isNew":false,"_doc":{"__v":0,"_id":"6818bcc8a7a3aaf09b2e544d","content":"I love how API-gateway works","createdAt":"2025-05-05T13:27:36.804Z","mediaIds":[],"updatedAt":"2025-05-05T13:27:36.804Z","user":"681494eabe8b11ec9786d1eb"},"level":"info","message":"Post created successfully","service":"identity-service","timestamp":"2025-05-05T13:27:36.816Z"}
{"level":"info","message":"Post service running on port: 5002","service":"identity-service","timestamp":"2025-05-05T14:06:58.156Z"}
{"level":"info","message":"Connected to mongodb","service":"identity-service","timestamp":"2025-05-05T14:06:58.322Z"}
{"level":"info","message":"Post service running on port: 5002","service":"identity-service","timestamp":"2025-05-05T14:08:53.640Z"}
{"level":"info","message":"Connected to mongodb","service":"identity-service","timestamp":"2025-05-05T14:08:53.753Z"}
{"level":"info","message":"Post service running on port: 5002","service":"identity-service","timestamp":"2025-05-05T16:06:47.398Z"}
{"level":"info","message":"Connected to mongodb","service":"identity-service","timestamp":"2025-05-05T16:06:47.627Z"}
{"level":"info","message":"Received GET request to /api/post/","service":"identity-service","timestamp":"2025-05-05T16:07:04.700Z"}
{"level":"info","message":"Request body, {}","service":"identity-service","timestamp":"2025-05-05T16:07:04.702Z"}
{"level":"info","message":"Fetching all posts...","service":"identity-service","timestamp":"2025-05-05T16:07:04.718Z"}
{"level":"info","message":"Post service running on port: 5002","service":"identity-service","timestamp":"2025-05-05T16:07:45.970Z"}
{"level":"info","message":"Connected to mongodb","service":"identity-service","timestamp":"2025-05-05T16:07:46.088Z"}
{"level":"info","message":"Received GET request to /api/post/","service":"identity-service","timestamp":"2025-05-05T16:07:47.857Z"}
{"level":"info","message":"Request body, {}","service":"identity-service","timestamp":"2025-05-05T16:07:47.868Z"}
{"level":"info","message":"Fetching all posts...","service":"identity-service","timestamp":"2025-05-05T16:07:47.917Z"}
{"level":"info","message":"Post service running on port: 5002","service":"identity-service","timestamp":"2025-05-05T16:08:07.281Z"}
{"level":"info","message":"Connected to mongodb","service":"identity-service","timestamp":"2025-05-05T16:08:07.406Z"}
{"level":"info","message":"Received GET request to /api/post/","service":"identity-service","timestamp":"2025-05-05T16:08:10.980Z"}
{"level":"info","message":"Request body, {}","service":"identity-service","timestamp":"2025-05-05T16:08:10.983Z"}
{"level":"info","message":"Fetching all posts...","service":"identity-service","timestamp":"2025-05-05T16:08:11.001Z"}
{"level":"info","message":"Post service running on port: 5002","service":"identity-service","timestamp":"2025-05-05T16:08:30.909Z"}
{"level":"info","message":"Connected to mongodb","service":"identity-service","timestamp":"2025-05-05T16:08:31.034Z"}
{"level":"info","message":"Received GET request to /api/post/","service":"identity-service","timestamp":"2025-05-05T16:08:32.357Z"}
{"level":"info","message":"Request body, {}","service":"identity-service","timestamp":"2025-05-05T16:08:32.359Z"}
{"level":"info","message":"Fetching all posts...","service":"identity-service","timestamp":"2025-05-05T16:08:32.377Z"}
{"level":"info","message":"Post service running on port: 5002","service":"identity-service","timestamp":"2025-05-05T16:08:41.344Z"}
{"level":"info","message":"Connected to mongodb","service":"identity-service","timestamp":"2025-05-05T16:08:41.491Z"}
{"level":"info","message":"Received GET request to /api/post/","service":"identity-service","timestamp":"2025-05-05T16:08:43.003Z"}
{"level":"info","message":"Request body, {}","service":"identity-service","timestamp":"2025-05-05T16:08:43.004Z"}
{"level":"info","message":"Fetching all posts...","service":"identity-service","timestamp":"2025-05-05T16:08:43.024Z"}
{"level":"info","message":"Received GET request to /api/post/","service":"identity-service","timestamp":"2025-05-05T16:08:46.281Z"}
{"level":"info","message":"Request body, {}","service":"identity-service","timestamp":"2025-05-05T16:08:46.283Z"}
{"level":"info","message":"Fetching all posts...","service":"identity-service","timestamp":"2025-05-05T16:08:46.289Z"}
{"level":"info","message":"Post service running on port: 5002","service":"identity-service","timestamp":"2025-05-05T16:09:11.477Z"}
{"level":"info","message":"Connected to mongodb","service":"identity-service","timestamp":"2025-05-05T16:09:11.590Z"}
{"level":"info","message":"Post service running on port: 5002","service":"identity-service","timestamp":"2025-05-05T16:10:06.658Z"}
{"level":"info","message":"Connected to mongodb","service":"identity-service","timestamp":"2025-05-05T16:10:06.754Z"}
{"level":"info","message":"Post service running on port: 5002","service":"identity-service","timestamp":"2025-05-05T16:15:03.258Z"}
{"level":"info","message":"Connected to mongodb","service":"identity-service","timestamp":"2025-05-05T16:15:03.440Z"}
{"level":"info","message":"Post service running on port: 5002","service":"identity-service","timestamp":"2025-05-05T16:15:25.712Z"}
{"level":"info","message":"Connected to mongodb","service":"identity-service","timestamp":"2025-05-05T16:15:25.856Z"}
{"level":"info","message":"Post service running on port: 5002","service":"identity-service","timestamp":"2025-05-05T16:15:36.620Z"}
{"level":"info","message":"Connected to mongodb","service":"identity-service","timestamp":"2025-05-05T16:15:36.762Z"}
{"level":"info","message":"Post service running on port: 5002","service":"identity-service","timestamp":"2025-05-05T16:16:00.032Z"}
{"level":"info","message":"Connected to mongodb","service":"identity-service","timestamp":"2025-05-05T16:16:00.183Z"}
{"level":"info","message":"Post service running on port: 5002","service":"identity-service","timestamp":"2025-05-05T16:16:03.222Z"}
{"level":"info","message":"Connected to mongodb","service":"identity-service","timestamp":"2025-05-05T16:16:03.378Z"}
{"level":"info","message":"Post service running on port: 5002","service":"identity-service","timestamp":"2025-05-05T16:16:12.501Z"}
{"level":"info","message":"Connected to mongodb","service":"identity-service","timestamp":"2025-05-05T16:16:12.671Z"}
{"level":"info","message":"Post service running on port: 5002","service":"identity-service","timestamp":"2025-05-05T16:19:19.477Z"}
{"level":"info","message":"Connected to mongodb","service":"identity-service","timestamp":"2025-05-05T16:19:19.680Z"}
{"level":"info","message":"Post service running on port: 5002","service":"identity-service","timestamp":"2025-05-05T16:20:07.400Z"}
{"level":"info","message":"Connected to mongodb","service":"identity-service","timestamp":"2025-05-05T16:20:07.508Z"}
{"level":"info","message":"Post service running on port: 5002","service":"identity-service","timestamp":"2025-05-05T16:20:48.564Z"}
{"level":"info","message":"Connected to mongodb","service":"identity-service","timestamp":"2025-05-05T16:20:48.684Z"}
{"level":"info","message":"Post service running on port: 5002","service":"identity-service","timestamp":"2025-05-05T16:20:59.165Z"}
{"level":"info","message":"Connected to mongodb","service":"identity-service","timestamp":"2025-05-05T16:20:59.297Z"}
{"level":"info","message":"Post service running on port: 5002","service":"identity-service","timestamp":"2025-05-05T16:21:24.489Z"}
{"level":"info","message":"Connected to mongodb","service":"identity-service","timestamp":"2025-05-05T16:21:24.640Z"}
{"level":"info","message":"Post service running on port: 5002","service":"identity-service","timestamp":"2025-05-05T16:21:44.282Z"}
{"level":"info","message":"Connected to mongodb","service":"identity-service","timestamp":"2025-05-05T16:21:44.392Z"}
{"level":"info","message":"Post service running on port: 5002","service":"identity-service","timestamp":"2025-05-05T16:21:55.091Z"}
{"level":"info","message":"Connected to mongodb","service":"identity-service","timestamp":"2025-05-05T16:21:55.263Z"}
{"level":"info","message":"Post service running on port: 5002","service":"identity-service","timestamp":"2025-05-05T16:22:01.179Z"}
{"level":"info","message":"Connected to mongodb","service":"identity-service","timestamp":"2025-05-05T16:22:01.363Z"}
{"level":"info","message":"Post service running on port: 5002","service":"identity-service","timestamp":"2025-05-05T16:22:04.101Z"}
{"level":"info","message":"Connected to mongodb","service":"identity-service","timestamp":"2025-05-05T16:22:04.188Z"}
{"level":"info","message":"Post service running on port: 5002","service":"identity-service","timestamp":"2025-05-05T16:22:09.032Z"}
{"level":"info","message":"Connected to mongodb","service":"identity-service","timestamp":"2025-05-05T16:22:09.191Z"}
{"level":"info","message":"Post service running on port: 5002","service":"identity-service","timestamp":"2025-05-05T16:22:15.300Z"}
{"level":"info","message":"Connected to mongodb","service":"identity-service","timestamp":"2025-05-05T16:22:15.405Z"}
{"level":"info","message":"Post service running on port: 5002","service":"identity-service","timestamp":"2025-05-05T16:22:21.910Z"}
{"level":"info","message":"Connected to mongodb","service":"identity-service","timestamp":"2025-05-05T16:22:22.036Z"}
{"level":"info","message":"Post service running on port: 5002","service":"identity-service","timestamp":"2025-05-05T16:22:25.388Z"}
{"level":"info","message":"Connected to mongodb","service":"identity-service","timestamp":"2025-05-05T16:22:25.538Z"}
{"level":"info","message":"Post service running on port: 5002","service":"identity-service","timestamp":"2025-05-05T16:22:31.130Z"}
{"level":"info","message":"Connected to mongodb","service":"identity-service","timestamp":"2025-05-05T16:22:31.245Z"}
{"level":"info","message":"Post service running on port: 5002","service":"identity-service","timestamp":"2025-05-05T16:22:45.266Z"}
{"level":"info","message":"Connected to mongodb","service":"identity-service","timestamp":"2025-05-05T16:22:45.413Z"}
{"level":"info","message":"Post service running on port: 5002","service":"identity-service","timestamp":"2025-05-05T16:22:55.068Z"}
{"level":"info","message":"Connected to mongodb","service":"identity-service","timestamp":"2025-05-05T16:22:55.191Z"}
{"level":"info","message":"Post service running on port: 5002","service":"identity-service","timestamp":"2025-05-05T16:22:57.858Z"}
{"level":"info","message":"Connected to mongodb","service":"identity-service","timestamp":"2025-05-05T16:22:57.967Z"}
{"level":"info","message":"Post service running on port: 5002","service":"identity-service","timestamp":"2025-05-05T16:23:04.259Z"}
{"level":"info","message":"Connected to mongodb","service":"identity-service","timestamp":"2025-05-05T16:23:04.376Z"}
{"level":"info","message":"Post service running on port: 5002","service":"identity-service","timestamp":"2025-05-05T16:23:20.445Z"}
{"level":"info","message":"Connected to mongodb","service":"identity-service","timestamp":"2025-05-05T16:23:20.569Z"}
{"level":"info","message":"Post service running on port: 5002","service":"identity-service","timestamp":"2025-05-05T16:23:58.150Z"}
{"level":"info","message":"Connected to mongodb","service":"identity-service","timestamp":"2025-05-05T16:23:58.304Z"}
{"level":"info","message":"Post service running on port: 5002","service":"identity-service","timestamp":"2025-05-05T16:24:47.320Z"}
{"level":"info","message":"Connected to mongodb","service":"identity-service","timestamp":"2025-05-05T16:24:47.430Z"}
{"level":"info","message":"Post service running on port: 5002","service":"identity-service","timestamp":"2025-05-05T16:27:10.621Z"}
{"level":"info","message":"Connected to mongodb","service":"identity-service","timestamp":"2025-05-05T16:27:10.739Z"}
{"level":"info","message":"Post service running on port: 5002","service":"identity-service","timestamp":"2025-05-05T16:27:14.398Z"}
{"level":"info","message":"Connected to mongodb","service":"identity-service","timestamp":"2025-05-05T16:27:14.517Z"}
{"level":"info","message":"Post service running on port: 5002","service":"identity-service","timestamp":"2025-05-05T16:27:24.039Z"}
{"level":"info","message":"Connected to mongodb","service":"identity-service","timestamp":"2025-05-05T16:27:24.160Z"}
{"level":"info","message":"Post service running on port: 5002","service":"identity-service","timestamp":"2025-05-05T16:27:33.338Z"}
{"level":"info","message":"Connected to mongodb","service":"identity-service","timestamp":"2025-05-05T16:27:33.453Z"}
{"level":"info","message":"Post service running on port: 5002","service":"identity-service","timestamp":"2025-05-05T16:29:17.209Z"}
{"level":"info","message":"Connected to mongodb","service":"identity-service","timestamp":"2025-05-05T16:29:17.322Z"}
{"level":"info","message":"Post service running on port: 5002","service":"identity-service","timestamp":"2025-05-05T16:29:25.768Z"}
{"level":"info","message":"Connected to mongodb","service":"identity-service","timestamp":"2025-05-05T16:29:25.950Z"}
{"level":"info","message":"Post service running on port: 5002","service":"identity-service","timestamp":"2025-05-05T16:30:07.609Z"}
{"level":"info","message":"Connected to mongodb","service":"identity-service","timestamp":"2025-05-05T16:30:07.779Z"}
{"level":"info","message":"Post service running on port: 5002","service":"identity-service","timestamp":"2025-05-05T16:30:12.139Z"}
{"level":"info","message":"Connected to mongodb","service":"identity-service","timestamp":"2025-05-05T16:30:12.333Z"}
{"level":"info","message":"Post service running on port: 5002","service":"identity-service","timestamp":"2025-05-05T16:30:16.862Z"}
{"level":"info","message":"Connected to mongodb","service":"identity-service","timestamp":"2025-05-05T16:30:17.003Z"}
{"level":"info","message":"Post service running on port: 5002","service":"identity-service","timestamp":"2025-05-05T16:30:29.648Z"}
{"level":"info","message":"Connected to mongodb","service":"identity-service","timestamp":"2025-05-05T16:30:29.787Z"}
{"level":"info","message":"Post service running on port: 5002","service":"identity-service","timestamp":"2025-05-05T16:30:43.745Z"}
{"level":"info","message":"Connected to mongodb","service":"identity-service","timestamp":"2025-05-05T16:30:43.851Z"}
{"level":"info","message":"Post service running on port: 5002","service":"identity-service","timestamp":"2025-05-05T16:32:33.996Z"}
{"level":"info","message":"Connected to mongodb","service":"identity-service","timestamp":"2025-05-05T16:32:34.087Z"}
{"level":"info","message":"Post service running on port: 5002","service":"identity-service","timestamp":"2025-05-05T16:32:39.276Z"}
{"level":"info","message":"Connected to mongodb","service":"identity-service","timestamp":"2025-05-05T16:32:39.379Z"}
{"level":"info","message":"Post service running on port: 5002","service":"identity-service","timestamp":"2025-05-05T16:32:44.932Z"}
{"level":"info","message":"Connected to mongodb","service":"identity-service","timestamp":"2025-05-05T16:32:45.088Z"}
{"level":"info","message":"Post service running on port: 5002","service":"identity-service","timestamp":"2025-05-05T16:32:49.275Z"}
{"level":"info","message":"Connected to mongodb","service":"identity-service","timestamp":"2025-05-05T16:32:49.381Z"}
{"level":"info","message":"Post service running on port: 5002","service":"identity-service","timestamp":"2025-05-05T16:32:55.645Z"}
{"level":"info","message":"Connected to mongodb","service":"identity-service","timestamp":"2025-05-05T16:32:55.763Z"}
{"level":"info","message":"Post service running on port: 5002","service":"identity-service","timestamp":"2025-05-05T16:33:04.273Z"}
{"level":"info","message":"Connected to mongodb","service":"identity-service","timestamp":"2025-05-05T16:33:04.420Z"}
{"level":"info","message":"Post service running on port: 5002","service":"identity-service","timestamp":"2025-05-05T16:33:08.952Z"}
{"level":"info","message":"Connected to mongodb","service":"identity-service","timestamp":"2025-05-05T16:33:09.112Z"}
{"level":"info","message":"Post service running on port: 5002","service":"identity-service","timestamp":"2025-05-05T16:33:16.535Z"}
{"level":"info","message":"Connected to mongodb","service":"identity-service","timestamp":"2025-05-05T16:33:16.699Z"}
{"level":"info","message":"Post service running on port: 5002","service":"identity-service","timestamp":"2025-05-05T16:33:19.957Z"}
{"level":"info","message":"Connected to mongodb","service":"identity-service","timestamp":"2025-05-05T16:33:20.068Z"}
{"level":"info","message":"Post service running on port: 5002","service":"identity-service","timestamp":"2025-05-05T16:33:29.348Z"}
{"level":"info","message":"Connected to mongodb","service":"identity-service","timestamp":"2025-05-05T16:33:29.473Z"}
{"level":"info","message":"Post service running on port: 5002","service":"identity-service","timestamp":"2025-05-05T16:33:33.092Z"}
{"level":"info","message":"Connected to mongodb","service":"identity-service","timestamp":"2025-05-05T16:33:33.296Z"}
{"level":"info","message":"Post service running on port: 5002","service":"identity-service","timestamp":"2025-05-05T16:33:37.478Z"}
{"level":"info","message":"Connected to mongodb","service":"identity-service","timestamp":"2025-05-05T16:33:37.629Z"}
{"level":"info","message":"Post service running on port: 5002","service":"identity-service","timestamp":"2025-05-05T16:33:43.689Z"}
{"level":"info","message":"Connected to mongodb","service":"identity-service","timestamp":"2025-05-05T16:33:43.830Z"}
{"level":"info","message":"Post service running on port: 5002","service":"identity-service","timestamp":"2025-05-05T16:34:10.050Z"}
{"level":"info","message":"Connected to mongodb","service":"identity-service","timestamp":"2025-05-05T16:34:10.155Z"}
{"level":"info","message":"Post service running on port: 5002","service":"identity-service","timestamp":"2025-05-05T16:34:45.288Z"}
{"level":"info","message":"Connected to mongodb","service":"identity-service","timestamp":"2025-05-05T16:34:45.418Z"}
{"level":"info","message":"Post service running on port: 5002","service":"identity-service","timestamp":"2025-05-05T16:35:22.668Z"}
{"level":"info","message":"Connected to mongodb","service":"identity-service","timestamp":"2025-05-05T16:35:22.782Z"}
{"level":"info","message":"Post service running on port: 5002","service":"identity-service","timestamp":"2025-05-05T16:35:34.658Z"}
{"level":"info","message":"Connected to mongodb","service":"identity-service","timestamp":"2025-05-05T16:35:34.874Z"}
{"level":"info","message":"Post service running on port: 5002","service":"identity-service","timestamp":"2025-05-05T16:35:38.219Z"}
{"level":"info","message":"Connected to mongodb","service":"identity-service","timestamp":"2025-05-05T16:35:38.356Z"}
{"level":"info","message":"Post service running on port: 5002","service":"identity-service","timestamp":"2025-05-05T16:36:03.444Z"}
{"level":"info","message":"Connected to mongodb","service":"identity-service","timestamp":"2025-05-05T16:36:03.789Z"}
{"level":"info","message":"Post service running on port: 5002","service":"identity-service","timestamp":"2025-05-05T16:36:11.107Z"}
{"level":"info","message":"Connected to mongodb","service":"identity-service","timestamp":"2025-05-05T16:36:11.296Z"}
{"level":"info","message":"Post service running on port: 5002","service":"identity-service","timestamp":"2025-05-05T16:36:18.730Z"}
{"level":"info","message":"Connected to mongodb","service":"identity-service","timestamp":"2025-05-05T16:36:18.989Z"}
{"level":"info","message":"Post service running on port: 5002","service":"identity-service","timestamp":"2025-05-05T16:36:25.719Z"}
{"level":"info","message":"Connected to mongodb","service":"identity-service","timestamp":"2025-05-05T16:36:25.907Z"}
{"level":"info","message":"Post service running on port: 5002","service":"identity-service","timestamp":"2025-05-05T16:36:33.312Z"}
{"level":"info","message":"Connected to mongodb","service":"identity-service","timestamp":"2025-05-05T16:36:33.492Z"}
{"level":"info","message":"Post service running on port: 5002","service":"identity-service","timestamp":"2025-05-05T16:36:44.646Z"}
{"level":"info","message":"Connected to mongodb","service":"identity-service","timestamp":"2025-05-05T16:36:44.862Z"}
{"level":"info","message":"Post service running on port: 5002","service":"identity-service","timestamp":"2025-05-05T16:36:53.623Z"}
{"level":"info","message":"Connected to mongodb","service":"identity-service","timestamp":"2025-05-05T16:36:53.792Z"}
{"level":"info","message":"Received GET request to /api/post/","service":"identity-service","timestamp":"2025-05-05T16:37:59.552Z"}
{"level":"info","message":"Request body, {}","service":"identity-service","timestamp":"2025-05-05T16:37:59.554Z"}
{"level":"info","message":"Fetching all posts...","service":"identity-service","timestamp":"2025-05-05T16:37:59.579Z"}
{"level":"info","message":"Received GET request to /api/post","service":"identity-service","timestamp":"2025-05-05T16:38:51.586Z"}
{"level":"info","message":"Request body, {}","service":"identity-service","timestamp":"2025-05-05T16:38:51.587Z"}
{"level":"info","message":"Fetching all posts...","service":"identity-service","timestamp":"2025-05-05T16:38:51.594Z"}
{"level":"info","message":"Post service running on port: 5002","service":"identity-service","timestamp":"2025-05-05T16:41:17.406Z"}
{"level":"info","message":"Connected to mongodb","service":"identity-service","timestamp":"2025-05-05T16:41:17.547Z"}
{"level":"info","message":"Post service running on port: 5002","service":"identity-service","timestamp":"2025-05-05T16:41:23.069Z"}
{"level":"info","message":"Connected to mongodb","service":"identity-service","timestamp":"2025-05-05T16:41:23.205Z"}
{"level":"info","message":"Post service running on port: 5002","service":"identity-service","timestamp":"2025-05-05T16:41:53.796Z"}
{"level":"info","message":"Connected to mongodb","service":"identity-service","timestamp":"2025-05-05T16:41:53.911Z"}
{"level":"info","message":"Post service running on port: 5002","service":"identity-service","timestamp":"2025-05-05T16:42:12.593Z"}
{"level":"info","message":"Connected to mongodb","service":"identity-service","timestamp":"2025-05-05T16:42:12.812Z"}
{"level":"info","message":"Post service running on port: 5002","service":"identity-service","timestamp":"2025-05-05T16:42:17.333Z"}
{"level":"info","message":"Connected to mongodb","service":"identity-service","timestamp":"2025-05-05T16:42:17.462Z"}
{"level":"info","message":"Post service running on port: 5002","service":"identity-service","timestamp":"2025-05-05T16:42:32.049Z"}
{"level":"info","message":"Connected to mongodb","service":"identity-service","timestamp":"2025-05-05T16:42:32.158Z"}
{"level":"info","message":"Post service running on port: 5002","service":"identity-service","timestamp":"2025-05-05T16:43:30.018Z"}
{"level":"info","message":"Connected to mongodb","service":"identity-service","timestamp":"2025-05-05T16:43:30.159Z"}
{"level":"info","message":"Post service running on port: 5002","service":"identity-service","timestamp":"2025-05-05T16:44:40.461Z"}
{"level":"info","message":"Connected to mongodb","service":"identity-service","timestamp":"2025-05-05T16:44:40.592Z"}
{"level":"info","message":"Post service running on port: 5002","service":"identity-service","timestamp":"2025-05-05T16:44:44.370Z"}
{"level":"info","message":"Connected to mongodb","service":"identity-service","timestamp":"2025-05-05T16:44:44.476Z"}
{"level":"info","message":"Post service running on port: 5002","service":"identity-service","timestamp":"2025-05-05T16:44:54.040Z"}
{"level":"info","message":"Connected to mongodb","service":"identity-service","timestamp":"2025-05-05T16:44:54.166Z"}
{"level":"info","message":"Post service running on port: 5002","service":"identity-service","timestamp":"2025-05-05T16:45:02.470Z"}
{"level":"info","message":"Connected to mongodb","service":"identity-service","timestamp":"2025-05-05T16:45:02.594Z"}
{"level":"info","message":"Post service running on port: 5002","service":"identity-service","timestamp":"2025-05-05T16:45:09.122Z"}
{"level":"info","message":"Connected to mongodb","service":"identity-service","timestamp":"2025-05-05T16:45:09.239Z"}
{"level":"info","message":"Post service running on port: 5002","service":"identity-service","timestamp":"2025-05-05T16:45:14.805Z"}
{"level":"info","message":"Connected to mongodb","service":"identity-service","timestamp":"2025-05-05T16:45:14.970Z"}
{"level":"info","message":"Received GET request to /api/post","service":"identity-service","timestamp":"2025-05-05T16:45:33.132Z"}
{"level":"info","message":"Request body, {}","service":"identity-service","timestamp":"2025-05-05T16:45:33.140Z"}
{"level":"info","message":"Fetching all posts...","service":"identity-service","timestamp":"2025-05-05T16:45:33.169Z"}
{"level":"info","message":"Post service running on port: 5002","service":"identity-service","timestamp":"2025-05-05T16:46:35.124Z"}
{"level":"info","message":"Connected to mongodb","service":"identity-service","timestamp":"2025-05-05T16:46:35.321Z"}
{"level":"info","message":"Received GET request to /api/post","service":"identity-service","timestamp":"2025-05-05T16:46:43.788Z"}
{"level":"info","message":"Request body, {}","service":"identity-service","timestamp":"2025-05-05T16:46:43.790Z"}
{"level":"info","message":"Fetching all posts...","service":"identity-service","timestamp":"2025-05-05T16:46:43.809Z"}
{"level":"info","message":"Post service running on port: 5002","service":"identity-service","timestamp":"2025-05-05T16:46:58.829Z"}
{"level":"info","message":"Connected to mongodb","service":"identity-service","timestamp":"2025-05-05T16:46:58.992Z"}
{"level":"info","message":"Received GET request to /api/post","service":"identity-service","timestamp":"2025-05-05T16:47:00.632Z"}
{"level":"info","message":"Request body, {}","service":"identity-service","timestamp":"2025-05-05T16:47:00.635Z"}
{"level":"info","message":"Fetching all posts...","service":"identity-service","timestamp":"2025-05-05T16:47:00.669Z"}
{"level":"info","message":"Post service running on port: 5002","service":"identity-service","timestamp":"2025-05-05T16:47:13.885Z"}
{"level":"info","message":"Connected to mongodb","service":"identity-service","timestamp":"2025-05-05T16:47:14.009Z"}
{"level":"info","message":"Post service running on port: 5002","service":"identity-service","timestamp":"2025-05-05T16:47:21.458Z"}
{"level":"info","message":"Connected to mongodb","service":"identity-service","timestamp":"2025-05-05T16:47:21.581Z"}
{"level":"info","message":"Post service running on port: 5002","service":"identity-service","timestamp":"2025-05-05T16:47:24.783Z"}
{"level":"info","message":"Connected to mongodb","service":"identity-service","timestamp":"2025-05-05T16:47:24.951Z"}
{"level":"info","message":"Received GET request to /api/post","service":"identity-service","timestamp":"2025-05-05T16:47:30.526Z"}
{"level":"info","message":"Request body, {}","service":"identity-service","timestamp":"2025-05-05T16:47:30.528Z"}
{"level":"info","message":"Fetching all posts...","service":"identity-service","timestamp":"2025-05-05T16:47:30.546Z"}
{"level":"info","message":"Post service running on port: 5002","service":"identity-service","timestamp":"2025-05-05T16:48:34.937Z"}
{"level":"info","message":"Connected to mongodb","service":"identity-service","timestamp":"2025-05-05T16:48:35.070Z"}
{"level":"info","message":"Received GET request to /api/post","service":"identity-service","timestamp":"2025-05-05T16:49:06.945Z"}
{"level":"info","message":"Request body, {}","service":"identity-service","timestamp":"2025-05-05T16:49:06.948Z"}
{"level":"info","message":"Fetching all posts...","service":"identity-service","timestamp":"2025-05-05T16:49:07.007Z"}
{"level":"info","message":"Received GET request to /api/post","service":"identity-service","timestamp":"2025-05-05T16:49:12.584Z"}
{"level":"info","message":"Request body, {}","service":"identity-service","timestamp":"2025-05-05T16:49:12.586Z"}
{"level":"info","message":"Fetching all posts...","service":"identity-service","timestamp":"2025-05-05T16:49:12.596Z"}
{"level":"info","message":"Received GET request to /api/post","service":"identity-service","timestamp":"2025-05-05T16:49:14.273Z"}
{"level":"info","message":"Request body, {}","service":"identity-service","timestamp":"2025-05-05T16:49:14.275Z"}
{"level":"info","message":"Fetching all posts...","service":"identity-service","timestamp":"2025-05-05T16:49:14.283Z"}
{"level":"info","message":"Received GET request to /api/post","service":"identity-service","timestamp":"2025-05-05T16:49:16.080Z"}
{"level":"info","message":"Request body, {}","service":"identity-service","timestamp":"2025-05-05T16:49:16.081Z"}
{"level":"info","message":"Fetching all posts...","service":"identity-service","timestamp":"2025-05-05T16:49:16.091Z"}
{"level":"info","message":"Received GET request to /api/post","service":"identity-service","timestamp":"2025-05-05T16:49:18.175Z"}
{"level":"info","message":"Request body, {}","service":"identity-service","timestamp":"2025-05-05T16:49:18.176Z"}
{"level":"info","message":"Fetching all posts...","service":"identity-service","timestamp":"2025-05-05T16:49:18.185Z"}
{"level":"info","message":"Received GET request to /api/post","service":"identity-service","timestamp":"2025-05-05T16:50:20.655Z"}
{"level":"info","message":"Request body, {}","service":"identity-service","timestamp":"2025-05-05T16:50:20.657Z"}
{"level":"info","message":"Fetching all posts...","service":"identity-service","timestamp":"2025-05-05T16:50:20.662Z"}
{"level":"info","message":"Received POST request to /api/post/create-post","service":"identity-service","timestamp":"2025-05-05T16:50:55.200Z"}
{"level":"info","message":"Request body, {\"content\":\"I have learnt redis invalidation\"}","service":"identity-service","timestamp":"2025-05-05T16:50:55.202Z"}
{"level":"info","message":"Create post endpoint hit...","service":"identity-service","timestamp":"2025-05-05T16:50:55.216Z"}
{"$__":{"$versionError":null,"activePaths":{"paths":{"content":"require","user":"require"},"states":{"default":{},"modify":{},"require":{"content":true,"user":true}}},"backup":{"activePaths":{"default":{"_id":true,"createdAt":true},"modify":{"content":true,"mediaIds":true,"updatedAt":true,"user":true}},"validationError":null},"cachedRequired":{},"inserting":true,"op":null,"pathsToScopes":{"mediaIds":{"__v":0,"_id":"6818ec6fb1c125128e169f0e","content":"I have learnt redis invalidation","createdAt":"2025-05-05T16:50:55.279Z","mediaIds":[],"updatedAt":"2025-05-05T16:50:55.279Z","user":"681494eabe8b11ec9786d1eb"}},"saveOptions":null,"savedState":{},"saving":null,"validating":null},"$isNew":false,"_doc":{"__v":0,"_id":"6818ec6fb1c125128e169f0e","content":"I have learnt redis invalidation","createdAt":"2025-05-05T16:50:55.279Z","mediaIds":[],"updatedAt":"2025-05-05T16:50:55.279Z","user":"681494eabe8b11ec9786d1eb"},"level":"info","message":"Post created successfully","service":"identity-service","timestamp":"2025-05-05T16:50:55.326Z"}
{"level":"info","message":"Received GET request to /api/post","service":"identity-service","timestamp":"2025-05-05T16:51:00.408Z"}
{"level":"info","message":"Request body, {}","service":"identity-service","timestamp":"2025-05-05T16:51:00.409Z"}
{"level":"info","message":"Fetching all posts...","service":"identity-service","timestamp":"2025-05-05T16:51:00.413Z"}
{"level":"info","message":"Received POST request to /api/post/create-post","service":"identity-service","timestamp":"2025-05-05T16:54:41.006Z"}
{"level":"info","message":"Request body, {\"content\":\"I love problem solving at its best\"}","service":"identity-service","timestamp":"2025-05-05T16:54:41.007Z"}
{"level":"info","message":"Create post endpoint hit...","service":"identity-service","timestamp":"2025-05-05T16:54:41.017Z"}
{"$__":{"$versionError":null,"activePaths":{"paths":{"content":"require","user":"require"},"states":{"default":{},"modify":{},"require":{"content":true,"user":true}}},"backup":{"activePaths":{"default":{"_id":true,"createdAt":true},"modify":{"content":true,"mediaIds":true,"updatedAt":true,"user":true}},"validationError":null},"cachedRequired":{},"inserting":true,"op":null,"pathsToScopes":{"mediaIds":{"__v":0,"_id":"6818ed51b1c125128e169f12","content":"I love problem solving at its best","createdAt":"2025-05-05T16:54:41.022Z","mediaIds":[],"updatedAt":"2025-05-05T16:54:41.022Z","user":"681494eabe8b11ec9786d1eb"}},"saveOptions":null,"savedState":{},"saving":null,"validating":null},"$isNew":false,"_doc":{"__v":0,"_id":"6818ed51b1c125128e169f12","content":"I love problem solving at its best","createdAt":"2025-05-05T16:54:41.022Z","mediaIds":[],"updatedAt":"2025-05-05T16:54:41.022Z","user":"681494eabe8b11ec9786d1eb"},"level":"info","message":"Post created successfully","service":"identity-service","timestamp":"2025-05-05T16:54:41.049Z"}
{"level":"info","message":"Received GET request to /api/post","service":"identity-service","timestamp":"2025-05-05T16:54:46.688Z"}
{"level":"info","message":"Request body, {}","service":"identity-service","timestamp":"2025-05-05T16:54:46.689Z"}
{"level":"info","message":"Fetching all posts...","service":"identity-service","timestamp":"2025-05-05T16:54:46.696Z"}
{"level":"info","message":"Received GET request to /api/post","service":"identity-service","timestamp":"2025-05-05T16:54:58.126Z"}
{"level":"info","message":"Request body, {}","service":"identity-service","timestamp":"2025-05-05T16:54:58.127Z"}
{"level":"info","message":"Fetching all posts...","service":"identity-service","timestamp":"2025-05-05T16:54:58.131Z"}
{"level":"info","message":"Received GET request to /api/post","service":"identity-service","timestamp":"2025-05-05T16:56:02.663Z"}
{"level":"info","message":"Request body, {}","service":"identity-service","timestamp":"2025-05-05T16:56:02.665Z"}
{"level":"info","message":"Fetching all posts...","service":"identity-service","timestamp":"2025-05-05T16:56:02.675Z"}
{"level":"info","message":"Received GET request to /api/post","service":"identity-service","timestamp":"2025-05-05T16:58:12.284Z"}
{"level":"info","message":"Request body, {}","service":"identity-service","timestamp":"2025-05-05T16:58:12.285Z"}
{"level":"info","message":"Fetching all posts...","service":"identity-service","timestamp":"2025-05-05T16:58:12.289Z"}
{"level":"info","message":"Post service running on port: 5002","service":"identity-service","timestamp":"2025-05-05T17:00:46.091Z"}
{"level":"info","message":"Connected to mongodb","service":"identity-service","timestamp":"2025-05-05T17:00:46.262Z"}
{"level":"info","message":"Post service running on port: 5002","service":"identity-service","timestamp":"2025-05-05T17:01:45.324Z"}
{"level":"info","message":"Connected to mongodb","service":"identity-service","timestamp":"2025-05-05T17:01:45.448Z"}
{"level":"info","message":"Post service running on port: 5002","service":"identity-service","timestamp":"2025-05-05T17:01:51.502Z"}
{"level":"info","message":"Connected to mongodb","service":"identity-service","timestamp":"2025-05-05T17:01:51.631Z"}
{"level":"info","message":"Post service running on port: 5002","service":"identity-service","timestamp":"2025-05-05T17:01:57.921Z"}
{"level":"info","message":"Connected to mongodb","service":"identity-service","timestamp":"2025-05-05T17:01:58.145Z"}
{"level":"info","message":"Post service running on port: 5002","service":"identity-service","timestamp":"2025-05-05T17:02:09.683Z"}
{"level":"info","message":"Connected to mongodb","service":"identity-service","timestamp":"2025-05-05T17:02:09.813Z"}
{"level":"info","message":"Post service running on port: 5002","service":"identity-service","timestamp":"2025-05-05T17:02:37.696Z"}
{"level":"info","message":"Connected to mongodb","service":"identity-service","timestamp":"2025-05-05T17:02:37.820Z"}
{"level":"info","message":"Post service running on port: 5002","service":"identity-service","timestamp":"2025-05-05T17:03:00.406Z"}
{"level":"info","message":"Connected to mongodb","service":"identity-service","timestamp":"2025-05-05T17:03:00.594Z"}
{"level":"info","message":"Post service running on port: 5002","service":"identity-service","timestamp":"2025-05-05T17:03:31.718Z"}
{"level":"info","message":"Connected to mongodb","service":"identity-service","timestamp":"2025-05-05T17:03:31.877Z"}
{"level":"info","message":"Post service running on port: 5002","service":"identity-service","timestamp":"2025-05-05T17:04:40.536Z"}
{"level":"info","message":"Connected to mongodb","service":"identity-service","timestamp":"2025-05-05T17:04:40.911Z"}
{"level":"info","message":"Post service running on port: 5002","service":"identity-service","timestamp":"2025-05-05T17:05:13.685Z"}
{"level":"info","message":"Connected to mongodb","service":"identity-service","timestamp":"2025-05-05T17:05:13.937Z"}
{"level":"info","message":"Post service running on port: 5002","service":"identity-service","timestamp":"2025-05-05T17:05:22.337Z"}
{"level":"info","message":"Connected to mongodb","service":"identity-service","timestamp":"2025-05-05T17:05:22.421Z"}
{"level":"info","message":"Post service running on port: 5002","service":"identity-service","timestamp":"2025-05-05T17:05:29.821Z"}
{"level":"info","message":"Connected to mongodb","service":"identity-service","timestamp":"2025-05-05T17:05:29.941Z"}
{"level":"info","message":"Post service running on port: 5002","service":"identity-service","timestamp":"2025-05-05T17:05:35.487Z"}
{"level":"info","message":"Connected to mongodb","service":"identity-service","timestamp":"2025-05-05T17:05:35.594Z"}
{"level":"info","message":"Post service running on port: 5002","service":"identity-service","timestamp":"2025-05-05T17:05:41.776Z"}
{"level":"info","message":"Connected to mongodb","service":"identity-service","timestamp":"2025-05-05T17:05:41.883Z"}
{"level":"info","message":"Post service running on port: 5002","service":"identity-service","timestamp":"2025-05-05T17:05:51.692Z"}
{"level":"info","message":"Connected to mongodb","service":"identity-service","timestamp":"2025-05-05T17:05:51.804Z"}
{"level":"info","message":"Post service running on port: 5002","service":"identity-service","timestamp":"2025-05-05T17:06:44.999Z"}
{"level":"info","message":"Connected to mongodb","service":"identity-service","timestamp":"2025-05-05T17:06:45.154Z"}
{"level":"info","message":"Post service running on port: 5002","service":"identity-service","timestamp":"2025-05-05T17:06:58.056Z"}
{"level":"info","message":"Connected to mongodb","service":"identity-service","timestamp":"2025-05-05T17:06:58.194Z"}
{"level":"info","message":"Post service running on port: 5002","service":"identity-service","timestamp":"2025-05-05T17:07:27.934Z"}
{"level":"info","message":"Connected to mongodb","service":"identity-service","timestamp":"2025-05-05T17:07:28.092Z"}
{"level":"info","message":"Post service running on port: 5002","service":"identity-service","timestamp":"2025-05-05T17:07:36.870Z"}
{"level":"info","message":"Connected to mongodb","service":"identity-service","timestamp":"2025-05-05T17:07:37.062Z"}
{"level":"info","message":"Post service running on port: 5002","service":"identity-service","timestamp":"2025-05-05T17:07:45.419Z"}
{"level":"info","message":"Connected to mongodb","service":"identity-service","timestamp":"2025-05-05T17:07:45.589Z"}
{"level":"info","message":"Post service running on port: 5002","service":"identity-service","timestamp":"2025-05-05T17:08:05.378Z"}
{"level":"info","message":"Connected to mongodb","service":"identity-service","timestamp":"2025-05-05T17:08:05.584Z"}
{"level":"info","message":"Post service running on port: 5002","service":"identity-service","timestamp":"2025-05-05T17:08:27.903Z"}
{"level":"info","message":"Connected to mongodb","service":"identity-service","timestamp":"2025-05-05T17:08:28.081Z"}
{"level":"info","message":"Post service running on port: 5002","service":"identity-service","timestamp":"2025-05-05T17:08:37.209Z"}
{"level":"info","message":"Connected to mongodb","service":"identity-service","timestamp":"2025-05-05T17:08:37.352Z"}
{"level":"info","message":"Post service running on port: 5002","service":"identity-service","timestamp":"2025-05-05T17:08:40.289Z"}
{"level":"info","message":"Connected to mongodb","service":"identity-service","timestamp":"2025-05-05T17:08:40.406Z"}
{"level":"info","message":"Post service running on port: 5002","service":"identity-service","timestamp":"2025-05-05T17:08:50.160Z"}
{"level":"info","message":"Connected to mongodb","service":"identity-service","timestamp":"2025-05-05T17:08:50.312Z"}
{"level":"info","message":"Post service running on port: 5002","service":"identity-service","timestamp":"2025-05-05T17:08:54.492Z"}
{"level":"info","message":"Connected to mongodb","service":"identity-service","timestamp":"2025-05-05T17:08:54.638Z"}
{"level":"info","message":"Post service running on port: 5002","service":"identity-service","timestamp":"2025-05-05T17:09:01.797Z"}
{"level":"info","message":"Connected to mongodb","service":"identity-service","timestamp":"2025-05-05T17:09:01.938Z"}
{"level":"info","message":"Post service running on port: 5002","service":"identity-service","timestamp":"2025-05-05T17:09:26.417Z"}
{"level":"info","message":"Connected to mongodb","service":"identity-service","timestamp":"2025-05-05T17:09:26.562Z"}
{"level":"info","message":"Post service running on port: 5002","service":"identity-service","timestamp":"2025-05-05T17:09:38.931Z"}
{"level":"info","message":"Connected to mongodb","service":"identity-service","timestamp":"2025-05-05T17:09:39.054Z"}
{"level":"info","message":"Post service running on port: 5002","service":"identity-service","timestamp":"2025-05-05T17:10:09.249Z"}
{"level":"info","message":"Connected to mongodb","service":"identity-service","timestamp":"2025-05-05T17:10:09.395Z"}
{"level":"info","message":"Post service running on port: 5002","service":"identity-service","timestamp":"2025-05-05T17:10:13.637Z"}
{"level":"info","message":"Connected to mongodb","service":"identity-service","timestamp":"2025-05-05T17:10:13.759Z"}
{"level":"info","message":"Post service running on port: 5002","service":"identity-service","timestamp":"2025-05-05T17:10:31.882Z"}
{"level":"info","message":"Connected to mongodb","service":"identity-service","timestamp":"2025-05-05T17:10:32.062Z"}
{"level":"info","message":"Post service running on port: 5002","service":"identity-service","timestamp":"2025-05-05T17:10:41.590Z"}
{"level":"info","message":"Connected to mongodb","service":"identity-service","timestamp":"2025-05-05T17:10:41.849Z"}
{"level":"info","message":"Post service running on port: 5002","service":"identity-service","timestamp":"2025-05-05T17:11:21.385Z"}
{"level":"info","message":"Connected to mongodb","service":"identity-service","timestamp":"2025-05-05T17:11:21.563Z"}
{"level":"info","message":"Post service running on port: 5002","service":"identity-service","timestamp":"2025-05-05T17:14:08.736Z"}
{"level":"info","message":"Connected to mongodb","service":"identity-service","timestamp":"2025-05-05T17:14:08.858Z"}
{"level":"info","message":"Post service running on port: 5002","service":"identity-service","timestamp":"2025-05-05T17:14:53.725Z"}
{"level":"info","message":"Connected to mongodb","service":"identity-service","timestamp":"2025-05-05T17:14:53.858Z"}
{"level":"info","message":"Post service running on port: 5002","service":"identity-service","timestamp":"2025-05-05T17:14:56.954Z"}
{"level":"info","message":"Connected to mongodb","service":"identity-service","timestamp":"2025-05-05T17:14:57.112Z"}
{"level":"info","message":"Post service running on port: 5002","service":"identity-service","timestamp":"2025-05-05T17:15:45.488Z"}
{"level":"info","message":"Connected to mongodb","service":"identity-service","timestamp":"2025-05-05T17:15:45.605Z"}
{"level":"info","message":"Received GET request to /api/post","service":"identity-service","timestamp":"2025-05-05T17:17:35.909Z"}
{"level":"info","message":"Request body, {}","service":"identity-service","timestamp":"2025-05-05T17:17:35.912Z"}
{"level":"info","message":"Fetching all posts...","service":"identity-service","timestamp":"2025-05-05T17:17:35.933Z"}
{"level":"info","message":"Received GET request to /api/post/6818ed51b1c125128e169f12","service":"identity-service","timestamp":"2025-05-05T17:18:07.401Z"}
{"level":"info","message":"Request body, {}","service":"identity-service","timestamp":"2025-05-05T17:18:07.403Z"}
{"level":"info","message":"Update post endpoint hit...","service":"identity-service","timestamp":"2025-05-05T17:18:07.418Z"}
{"level":"info","message":"Received GET request to /api/post/6818ed51b1c125128e169f12","service":"identity-service","timestamp":"2025-05-05T17:18:16.900Z"}
{"level":"info","message":"Request body, {}","service":"identity-service","timestamp":"2025-05-05T17:18:16.901Z"}
{"level":"info","message":"Update post endpoint hit...","service":"identity-service","timestamp":"2025-05-05T17:18:16.908Z"}
{"level":"info","message":"Received GET request to /api/post/6818ed51b1c125128e169f12","service":"identity-service","timestamp":"2025-05-05T17:18:19.236Z"}
{"level":"info","message":"Request body, {}","service":"identity-service","timestamp":"2025-05-05T17:18:19.237Z"}
{"level":"info","message":"Update post endpoint hit...","service":"identity-service","timestamp":"2025-05-05T17:18:19.243Z"}
{"level":"info","message":"Received GET request to /api/post","service":"identity-service","timestamp":"2025-05-05T17:20:43.141Z"}
{"level":"info","message":"Request body, {}","service":"identity-service","timestamp":"2025-05-05T17:20:43.142Z"}
{"level":"info","message":"Fetching all posts...","service":"identity-service","timestamp":"2025-05-05T17:20:43.151Z"}
{"level":"info","message":"Received GET request to /api/post","service":"identity-service","timestamp":"2025-05-05T17:23:08.516Z"}
{"level":"info","message":"Request body, {}","service":"identity-service","timestamp":"2025-05-05T17:23:08.517Z"}
{"level":"info","message":"Fetching all posts...","service":"identity-service","timestamp":"2025-05-05T17:23:08.523Z"}
{"level":"info","message":"Received GET request to /api/post","service":"identity-service","timestamp":"2025-05-05T17:23:15.708Z"}
{"level":"info","message":"Request body, {}","service":"identity-service","timestamp":"2025-05-05T17:23:15.710Z"}
{"level":"info","message":"Fetching all posts...","service":"identity-service","timestamp":"2025-05-05T17:23:15.715Z"}
{"level":"info","message":"Received GET request to /api/post/6818ed51b1c125128e169f12","service":"identity-service","timestamp":"2025-05-05T17:23:25.712Z"}
{"level":"info","message":"Request body, {}","service":"identity-service","timestamp":"2025-05-05T17:23:25.713Z"}
{"level":"info","message":"Update post endpoint hit...","service":"identity-service","timestamp":"2025-05-05T17:23:25.717Z"}
{"level":"info","message":"Received GET request to /api/post/6818ed51b1c125128e169f12","service":"identity-service","timestamp":"2025-05-05T17:23:27.418Z"}
{"level":"info","message":"Request body, {}","service":"identity-service","timestamp":"2025-05-05T17:23:27.419Z"}
{"level":"info","message":"Update post endpoint hit...","service":"identity-service","timestamp":"2025-05-05T17:23:27.425Z"}
{"level":"info","message":"Received GET request to /api/post/6818ed51b1c125128e169f12","service":"identity-service","timestamp":"2025-05-05T17:23:28.596Z"}
{"level":"info","message":"Request body, {}","service":"identity-service","timestamp":"2025-05-05T17:23:28.596Z"}
{"level":"info","message":"Update post endpoint hit...","service":"identity-service","timestamp":"2025-05-05T17:23:28.601Z"}
{"level":"info","message":"Received GET request to /api/post","service":"identity-service","timestamp":"2025-05-05T19:05:19.528Z"}
{"level":"info","message":"Request body, {}","service":"identity-service","timestamp":"2025-05-05T19:05:19.529Z"}
{"level":"info","message":"Fetching all posts...","service":"identity-service","timestamp":"2025-05-05T19:05:19.535Z"}
{"level":"info","message":"Received GET request to /api/post","service":"identity-service","timestamp":"2025-05-05T19:05:25.955Z"}
{"level":"info","message":"Request body, {}","service":"identity-service","timestamp":"2025-05-05T19:05:25.956Z"}
{"level":"info","message":"Fetching all posts...","service":"identity-service","timestamp":"2025-05-05T19:05:25.960Z"}
{"level":"info","message":"Received GET request to /api/post/6818ed51b1c125128e169f12","service":"identity-service","timestamp":"2025-05-05T19:05:40.942Z"}
{"level":"info","message":"Request body, {}","service":"identity-service","timestamp":"2025-05-05T19:05:40.944Z"}
{"level":"info","message":"Update post endpoint hit...","service":"identity-service","timestamp":"2025-05-05T19:05:40.950Z"}
{"level":"info","message":"Received GET request to /api/post/6818ed51b1c125128e169f12","service":"identity-service","timestamp":"2025-05-05T19:06:23.714Z"}
{"level":"info","message":"Request body, {}","service":"identity-service","timestamp":"2025-05-05T19:06:23.715Z"}
{"level":"info","message":"Update post endpoint hit...","service":"identity-service","timestamp":"2025-05-05T19:06:23.723Z"}
{"level":"info","message":"Received GET request to /api/post/6818ed51b1c125128e169f12","service":"identity-service","timestamp":"2025-05-05T19:10:37.236Z"}
{"level":"info","message":"Request body, {}","service":"identity-service","timestamp":"2025-05-05T19:10:37.240Z"}
{"level":"info","message":"Update post endpoint hit...","service":"identity-service","timestamp":"2025-05-05T19:10:37.254Z"}
